<?xml version="1.0" encoding="UTF-8"?>
<!-- Generated by org.testng.reporters.JUnitReportReporter -->
<testsuite hostname="LNGRDUL-7005376" failures="0" tests="3" name="Testcases.SoftwareLicenceDetails" time="26.985" errors="0" timestamp="16 Sep 2018 20:56:00 GMT" skipped="0">
  <testcase classname="Testcases.SoftwareLicenceDetails" name="testMozilla" time="9.390"/>
  <testcase classname="Testcases.SoftwareLicenceDetails" name="testApache" time="8.632"/>
  <testcase classname="Testcases.SoftwareLicenceDetails" name="testMIT" time="8.963"/>
</testsuite> <!-- Testcases.SoftwareLicenceDetails -->
