<?xml version="1.0" encoding="UTF-8"?>
<!-- Generated by org.testng.reporters.JUnitReportReporter -->
<testsuite hostname="LNGRDUL-7005376" failures="0" tests="1" name="Testcases.Test1" time="10.224" errors="0" timestamp="18 Sep 2018 19:55:12 GMT" skipped="0">
  <testcase classname="Testcases.Test1" name="testWeb" time="10.224"/>
</testsuite> <!-- Testcases.Test1 -->
